<?xml version="1.0" encoding="UTF-8"?>
<!-- Generated by org.testng.reporters.JUnitReportReporter -->
<testsuite hostname="LAPTOP-KOO9VU7N" failures="0" tests="1" name="TestPackage.Sign_Up" time="0.022" errors="0" timestamp="2023-06-15T01:55:06 EDT" skipped="0">
  <testcase classname="TestPackage.Sign_Up" name="verifyTitle" time="0.022"/>
  <system-out/>
</testsuite> <!-- TestPackage.Sign_Up -->
