<?xml version="1.0" encoding="UTF-8"?>
<!-- Generated by org.testng.reporters.JUnitReportReporter -->
<testsuite hostname="LAPTOP-KOO9VU7N" failures="0" tests="1" name="TestPackage.TestAddressModule" time="15.775" errors="0" timestamp="2023-06-26T18:39:01 EDT" skipped="0">
  <testcase classname="TestPackage.TestAddressModule" name="addvalidAddress" time="15.775"/>
  <system-out/>
</testsuite> <!-- TestPackage.TestAddressModule -->
