<?xml version="1.0" encoding="UTF-8"?>
<!-- Generated by org.testng.reporters.JUnitReportReporter -->
<testsuite hostname="LAPTOP-KOO9VU7N" failures="0" tests="1" name="TestPackage.TestSignUp" time="11.342" errors="0" timestamp="2023-06-16T01:30:56 EDT" skipped="0">
  <testcase classname="TestPackage.TestSignUp" name="validLogin" time="11.342"/>
  <system-out/>
</testsuite> <!-- TestPackage.TestSignUp -->
