<?xml version="1.0" encoding="UTF-8"?>
<!-- Generated by org.testng.reporters.JUnitReportReporter -->
<testsuite hostname="LAPTOP-KOO9VU7N" failures="0" tests="1" name="TestPackage.TestOrdersModule" time="21.123" errors="0" timestamp="2023-06-26T19:17:10 EDT" skipped="0">
  <testcase classname="TestPackage.TestOrdersModule" name="orders" time="21.123"/>
  <system-out/>
</testsuite> <!-- TestPackage.TestOrdersModule -->
