<?xml version="1.0" encoding="UTF-8"?>
<!-- Generated by org.testng.reporters.JUnitReportReporter -->
<testsuite hostname="LAPTOP-KOO9VU7N" failures="0" tests="1" name="TestPackage.TestCheckout" time="29.394" errors="0" timestamp="2023-06-26T20:19:23 EDT" skipped="0">
  <testcase classname="TestPackage.TestCheckout" name="restorecart" time="29.394"/>
  <system-out/>
</testsuite> <!-- TestPackage.TestCheckout -->
